<?xml version="1.0" encoding="UTF-8"?>
<!-- Generated by org.testng.reporters.JUnitXMLReporter -->
<testsuite ignored="2" hostname="LAPTOP-GAUPM6CM" failures="1" tests="2" name="RegTest" time="23.558" errors="0" timestamp="2023-11-07T08:26:49 IST">
  <testcase classname="testscripts.regression.ValidateLoginUsingPOM" name="validateLoginTest" time="1.281"/>
  <testcase classname="testscripts.regression.ValidateRegistrationUsingPOM" name="validateRegistrationTest" time="3.94">
    <failure type="java.lang.AssertionError" message="expected [true] but found [false]">
      <![CDATA[java.lang.AssertionError: expected [true] but found [false]
at testscripts.regression.ValidateRegistrationUsingPOM.validateRegistrationTest(ValidateRegistrationUsingPOM.java:35)
at java.base/java.util.ArrayList.forEach(ArrayList.java:1511)
... Removed 31 stack frames]]>
    </failure>
  </testcase> <!-- validateRegistrationTest -->
  <testcase classname="base.BaseTest" name="@BeforeTest beforeTest" time="0.0">
    <ignored/>
  </testcase> <!-- @BeforeTest beforeTest -->
  <testcase classname="base.BaseTest" name="@AfterTest closeReports" time="0.0">
    <ignored/>
  </testcase> <!-- @AfterTest closeReports -->
</testsuite> <!-- RegTest -->
