<?xml version="1.0" encoding="UTF-8"?>
<!-- Generated by org.testng.reporters.JUnitXMLReporter -->
<testsuite ignored="1" hostname="LAPTOP-GAUPM6CM" failures="0" tests="2" name="Test" time="28.581" errors="0" timestamp="2023-11-03T08:14:15 IST">
  <testcase classname="testscripts.regression.ValidateLoginUsingHybrid" name="validateLoginTest" time="11.396"/>
  <testcase classname="testscripts.regression.ValidateRegistration" name="validateRegistrationTest" time="15.947"/>
  <testcase classname="base.BaseTest" name="@BeforeTest beforeTest" time="0.0">
    <ignored/>
  </testcase> <!-- @BeforeTest beforeTest -->
</testsuite> <!-- Test -->
