<?xml version="1.0" encoding="UTF-8"?>
<!-- Generated by org.testng.reporters.JUnitXMLReporter -->
<testsuite ignored="2" hostname="LAPTOP-GAUPM6CM" failures="0" tests="2" name="RegTest" time="28.92" errors="0" timestamp="2023-11-10T08:30:40 IST">
  <testcase classname="testscripts.regression.ValidateLoginUsingPOM" name="validateLoginTest" time="0.92"/>
  <testcase classname="testscripts.regression.ValidateRegistrationUsingPOM" name="validateRegistrationTest" time="4.359"/>
  <testcase classname="base.BaseTest" name="@BeforeTest beforeTest" time="0.0">
    <ignored/>
  </testcase> <!-- @BeforeTest beforeTest -->
  <testcase classname="base.BaseTest" name="@AfterTest closeReports" time="0.0">
    <ignored/>
  </testcase> <!-- @AfterTest closeReports -->
</testsuite> <!-- RegTest -->
