<?xml version="1.0" encoding="UTF-8"?>
<testng-results ignored="0" total="1" passed="1" failed="0" skipped="0">
  <reporter-output>
  </reporter-output>
  <suite started-at="2023-11-03T08:54:06 IST" name="Default suite" finished-at="2023-11-03T08:54:18 IST" duration-ms="12254">
    <groups>
    </groups>
    <test started-at="2023-11-03T08:54:06 IST" name="Default test" finished-at="2023-11-03T08:54:18 IST" duration-ms="12254">
      <class name="testscripts.regression.ValidateLoginUsingPOM">
        <test-method is-config="true" signature="beforeTest()[pri:0, instance:testscripts.regression.ValidateLoginUsingPOM@2794eab6]" started-at="2023-11-03T08:54:06 IST" name="beforeTest" finished-at="2023-11-03T08:54:06 IST" duration-ms="14" status="PASS">
          <reporter-output>
          </reporter-output>
        </test-method> <!-- beforeTest -->
        <test-method is-config="true" signature="setUp()[pri:0, instance:testscripts.regression.ValidateLoginUsingPOM@2794eab6]" started-at="2023-11-03T08:54:07 IST" name="setUp" finished-at="2023-11-03T08:54:14 IST" duration-ms="6964" status="PASS">
          <reporter-output>
          </reporter-output>
        </test-method> <!-- setUp -->
        <test-method signature="validateLoginTest(java.util.HashMap)[pri:0, instance:testscripts.regression.ValidateLoginUsingPOM@2794eab6]" started-at="2023-11-03T08:54:14 IST" name="validateLoginTest" data-provider="getData" finished-at="2023-11-03T08:54:15 IST" duration-ms="948" status="PASS">
          <params>
            <param index="0">
              <value>
                <![CDATA[{Expected Title=Adactin.com - Search Hotel, password=reyaz123, username=reyaz009}]]>
              </value>
            </param>
          </params>
          <reporter-output>
          </reporter-output>
        </test-method> <!-- validateLoginTest -->
        <test-method is-config="true" signature="teardown()[pri:0, instance:testscripts.regression.ValidateLoginUsingPOM@2794eab6]" started-at="2023-11-03T08:54:15 IST" name="teardown" finished-at="2023-11-03T08:54:18 IST" duration-ms="3362" status="PASS">
          <reporter-output>
          </reporter-output>
        </test-method> <!-- teardown -->
      </class> <!-- testscripts.regression.ValidateLoginUsingPOM -->
    </test> <!-- Default test -->
  </suite> <!-- Default suite -->
</testng-results>
