<?xml version="1.0" encoding="UTF-8"?>
<testng-results ignored="0" total="1" passed="1" failed="0" skipped="0">
  <reporter-output>
  </reporter-output>
  <suite started-at="2023-10-31T10:00:28 IST" name="Default suite" finished-at="2023-10-31T10:00:38 IST" duration-ms="9663">
    <groups>
    </groups>
    <test started-at="2023-10-31T10:00:28 IST" name="Default test" finished-at="2023-10-31T10:00:38 IST" duration-ms="9663">
      <class name="testscripts.regression.LoginTestDataProviderExcel">
        <test-method is-config="true" signature="beforeTest()[pri:0, instance:testscripts.regression.LoginTestDataProviderExcel@2794eab6]" started-at="2023-10-31T10:00:28 IST" name="beforeTest" finished-at="2023-10-31T10:00:28 IST" duration-ms="6" status="PASS">
          <reporter-output>
          </reporter-output>
        </test-method> <!-- beforeTest -->
        <test-method is-config="true" signature="setUp()[pri:0, instance:testscripts.regression.LoginTestDataProviderExcel@2794eab6]" started-at="2023-10-31T10:00:29 IST" name="setUp" finished-at="2023-10-31T10:00:33 IST" duration-ms="4494" status="PASS">
          <reporter-output>
          </reporter-output>
        </test-method> <!-- setUp -->
        <test-method signature="loginTest1(java.util.HashMap)[pri:0, instance:testscripts.regression.LoginTestDataProviderExcel@2794eab6]" started-at="2023-10-31T10:00:33 IST" name="loginTest1" data-provider="getData" finished-at="2023-10-31T10:00:34 IST" duration-ms="832" status="PASS">
          <params>
            <param index="0">
              <value>
                <![CDATA[{Expected Title=Adactin.com - Search Hotel, password=reyaz123, username=reyaz009}]]>
              </value>
            </param>
          </params>
          <reporter-output>
          </reporter-output>
        </test-method> <!-- loginTest1 -->
        <test-method is-config="true" signature="teardown()[pri:0, instance:testscripts.regression.LoginTestDataProviderExcel@2794eab6]" started-at="2023-10-31T10:00:34 IST" name="teardown" finished-at="2023-10-31T10:00:38 IST" duration-ms="3315" status="PASS">
          <reporter-output>
          </reporter-output>
        </test-method> <!-- teardown -->
      </class> <!-- testscripts.regression.LoginTestDataProviderExcel -->
    </test> <!-- Default test -->
  </suite> <!-- Default suite -->
</testng-results>
